C51 COMPILER V9.59.0.0   18B20                                                             12/07/2021 09:27:52 PAGE 1   


C51 COMPILER V9.59.0.0, COMPILATION OF MODULE 18B20
OBJECT MODULE PLACED IN .\Objects\18b20.obj
COMPILER INVOKED BY: C:\Keil_v5\C51\BIN\C51.EXE 18b20.c OPTIMIZE(8,SPEED) BROWSE DEBUG OBJECTEXTEND PRINT(.\Listings\18b
                    -20.lst) TABS(2) OBJECT(.\Objects\18b20.obj)

line level    source

   1          /*-----------------------------------------------
   2            名称：18B20温度传感器
   3            日期：2017.11
   4            内容：18B20单线温度检测的应用样例程序
   5          ------------------------------------------------*/
   6          #include"delay.h"
   7          #include"18b20.h"
   8          //void SendByte(unsigned char dat);
   9          /*------------------------------------------------
  10                              18b20初始化
  11          ------------------------------------------------*/
  12          bit Init_DS18B20(void)
  13          {
  14   1       bit dat=0;
  15   1       DQ = 1;    //DQ复位
  16   1       DelayUs2x(5);   //稍做延时
  17   1       DQ = 0;         //单片机将DQ拉低
  18   1       DelayUs2x(200); //精确延时 大于 480us 小于960us
  19   1       DelayUs2x(200);
  20   1       DQ = 1;        //拉高总线
  21   1       DelayUs2x(50); //15~60us 后 接收60-240us的存在脉冲
  22   1       dat=DQ;        //如果x=0则初始化成功, x=1则初始化失败
  23   1       DelayUs2x(25); //稍作延时返回
  24   1       return dat;
  25   1      }
  26          
  27          /*------------------------------------------------
  28                              读取一个字节
  29          ------------------------------------------------*/
  30          unsigned char ReadOneChar(void)
  31          {
  32   1      unsigned char i=0;
  33   1      unsigned char dat = 0;
  34   1      for (i=8;i>0;i--)
  35   1       {
  36   2        DQ = 0; // 给脉冲信号
  37   2        dat>>=1;
  38   2        DQ = 1; // 给脉冲信号
  39   2        if(DQ)
  40   2         dat|=0x80;
  41   2        DelayUs2x(25);
  42   2       }
  43   1       return(dat);
  44   1      }
  45          /*------------------------------------------------
  46                              写入一个字节
  47          ------------------------------------------------*/
  48          void WriteOneChar(unsigned char dat)
  49          {
  50   1       unsigned char i=0;
  51   1       for (i=8; i>0; i--)
  52   1       {
  53   2        DQ = 0;
  54   2        DQ = dat&0x01;
C51 COMPILER V9.59.0.0   18B20                                                             12/07/2021 09:27:52 PAGE 2   

  55   2        DelayUs2x(25);
  56   2        DQ = 1;
  57   2        dat>>=1;
  58   2       }
  59   1      DelayUs2x(25);
  60   1      }
  61          
  62          /*------------------------------------------------
  63                              读取温度
  64          ------------------------------------------------*/
  65          unsigned int ReadTemperature(void)
  66          {
  67   1      unsigned char a=0;
  68   1      unsigned int b=0;
  69   1      unsigned int t=0;
  70   1      Init_DS18B20();
  71   1      WriteOneChar(0xCC); // 跳过读序号列号的操作
  72   1      WriteOneChar(0x44); // 启动温度转换
  73   1      DelayMs(10);
  74   1      Init_DS18B20();
  75   1      WriteOneChar(0xCC); //跳过读序号列号的操作 
  76   1      WriteOneChar(0xBE); //读取温度寄存器等（共可读9个寄存器） 前两个就是温度
  77   1      a=ReadOneChar();   //低位
  78   1      b=ReadOneChar();   //高位
  79   1      
  80   1      b<<=8;
  81   1      t=a+b;
  82   1      
  83   1      //SendByte(b);
  84   1      //SendByte(a);
  85   1      
  86   1      return(t);
  87   1      }


MODULE INFORMATION:   STATIC OVERLAYABLE
   CODE SIZE        =    194    ----
   CONSTANT SIZE    =   ----    ----
   XDATA SIZE       =   ----    ----
   PDATA SIZE       =   ----    ----
   DATA SIZE        =   ----       5
   IDATA SIZE       =   ----    ----
   BIT SIZE         =   ----       1
END OF MODULE INFORMATION.


C51 COMPILATION COMPLETE.  0 WARNING(S),  0 ERROR(S)
