C51 COMPILER V9.59.0.0   DHT11                                                             12/14/2021 16:50:09 PAGE 1   


C51 COMPILER V9.59.0.0, COMPILATION OF MODULE DHT11
OBJECT MODULE PLACED IN .\Objects\DHT11.obj
COMPILER INVOKED BY: C:\Keil_v5\C51\BIN\C51.EXE DHT11.c OPTIMIZE(8,SPEED) BROWSE DEBUG OBJECTEXTEND PRINT(.\Listings\DHT
                    -11.lst) TABS(2) OBJECT(.\Objects\DHT11.obj)

line level    source

   1          #include "reg51.h"
   2          #include <DHT11.h>
   3          
   4          //#include<intrins.h>
   5          
   6          //#define uchar unsigned char
   7          //#define uint unsigned int
   8            
   9          sbit Data=P3^6;   //定义数据线
  10          uchar rec_dat[9];   //用于显示的接收数据数组
  11          bit fg=1;
  12          
  13          //初始化函数
  14          void DHT11_delay_us(uchar n)
  15          {
  16   1          while(--n);
  17   1      }
  18          
  19          void DHT11_delay_ms(uint z)
  20          {
  21   1         uint i,j;
  22   1         for(i=z;i>0;i--)
  23   1            for(j=110;j>0;j--);
  24   1      }
  25          
  26          void DHT11_start()
  27          {
  28   1         Data=1;
  29   1         DHT11_delay_us(2);
  30   1         Data=0;
  31   1         DHT11_delay_ms(30);   //延时18ms以上
  32   1         Data=1;
  33   1         DHT11_delay_us(30);
  34   1      }
  35          
  36          uchar DHT11_rec_byte()      //接收一个字节
  37          {
  38   1         uchar i,dat=0;
  39   1        for(i=0;i<8;i++)    //从高到低依次接收8位数据
  40   1         {         
  41   2            while(!Data);   ////等待50us低电平过去
  42   2            DHT11_delay_us(8);     //延时60us，如果还为高则数据为1，否则为0
  43   2            dat<<=1;           //移位使正确接收8位数据，数据为0时直接移位
  44   2            if(Data==1)    //数据为1时，使dat加1来接收数据1
  45   2               dat+=1;
  46   2            while(Data);  //等待数据线拉低   
  47   2          }  
  48   1          return dat;
  49   1      }
  50          
  51          void DHT11_receive()      //接收40位的数据
  52          {
  53   1          uchar R_H,R_L,T_H,T_L,RH,RL,TH,TL,revise;
  54   1          DHT11_start();
C51 COMPILER V9.59.0.0   DHT11                                                             12/14/2021 16:50:09 PAGE 2   

  55   1          if(Data==0)
  56   1          {
  57   2              while(Data==0);   //等待拉高     
  58   2              DHT11_delay_us(40);  //拉高后延时80us
  59   2              R_H=DHT11_rec_byte();    //接收湿度高八位  
  60   2              R_L=DHT11_rec_byte();    //接收湿度低八位  
  61   2              T_H=DHT11_rec_byte();    //接收温度高八位  
  62   2              T_L=DHT11_rec_byte();    //接收温度低八位
  63   2              revise=DHT11_rec_byte(); //接收校正位
  64   2      
  65   2              DHT11_delay_us(25);    //结束
  66   2      
  67   2              if((R_H+R_L+T_H+T_L)==revise)      //校正
  68   2              {
  69   3                  RH=R_H;
  70   3                  RL=R_L;
  71   3                  TH=T_H;
  72   3                  TL=T_L;
  73   3              }
  74   2              /*数据处理，方便显示*/
  75   2              rec_dat[0]='R';
  76   2              rec_dat[1]=':';
  77   2              rec_dat[2]='0'+RH/10;
  78   2              rec_dat[3]='0'+RH%10;
  79   2              rec_dat[4]=' ';
  80   2              rec_dat[5]='T';
  81   2              rec_dat[6]=':';
  82   2              rec_dat[7]='0'+TH/10;
  83   2              rec_dat[8]='0'+TH%10;
  84   2          }
  85   1      }


MODULE INFORMATION:   STATIC OVERLAYABLE
   CODE SIZE        =    237    ----
   CONSTANT SIZE    =   ----    ----
   XDATA SIZE       =   ----    ----
   PDATA SIZE       =   ----    ----
   DATA SIZE        =      9       6
   IDATA SIZE       =   ----    ----
   BIT SIZE         =      1    ----
END OF MODULE INFORMATION.


C51 COMPILATION COMPLETE.  0 WARNING(S),  0 ERROR(S)
