C51 COMPILER V9.59.0.0   DIANJI                                                            12/08/2021 16:04:48 PAGE 1   


C51 COMPILER V9.59.0.0, COMPILATION OF MODULE DIANJI
OBJECT MODULE PLACED IN .\Objects\dianji.obj
COMPILER INVOKED BY: C:\Keil_v5\C51\BIN\C51.EXE dianji.c OPTIMIZE(8,SPEED) BROWSE DEBUG OBJECTEXTEND PRINT(.\Listings\di
                    -anji.lst) TABS(2) OBJECT(.\Objects\dianji.obj)

line level    source

   1          /*-----------------------------------------------
   2            名称：步进电机
   3            论坛：www.doflye.net
   4            编写：shifang
   5            日期：2009.5
   6            修改：无
   7            内容：本程序用于测试4相步进电机常规驱动 使用1相励磁
   8          
   9           ------------------------------------------------*/
  10          
  11          
  12          #include<dianji.h>
  13          
  14          
  15          
  16          unsigned char Speed;
  17          
  18          /*------------------------------------------------
  19                              主函数
  20          ------------------------------------------------*/
  21          void dianji()
  22          {
  23   1        int i=0;
  24   1       //unsigned int i=64*16; //转2周停止
  25   1       Speed=5; //调整速度
  26   1       for(i;i<1000;i++) 
  27   1        {         
  28   2           Coil_A1                 //遇到Coil_A1  用{A1=1;B1=0;C1=0;D1=0;}代替
  29   2           DelayMs(Speed);         //改变这个参数可以调整电机转速 ,
  30   2                                 //数字越小，转速越大,力矩越小
  31   2           Coil_B1
  32   2           DelayMs(Speed);
  33   2           Coil_C1
  34   2           DelayMs(Speed);
  35   2           Coil_D1
  36   2           DelayMs(Speed);
  37   2        }
  38   1      }


MODULE INFORMATION:   STATIC OVERLAYABLE
   CODE SIZE        =     80    ----
   CONSTANT SIZE    =   ----    ----
   XDATA SIZE       =   ----    ----
   PDATA SIZE       =   ----    ----
   DATA SIZE        =      1       2
   IDATA SIZE       =   ----    ----
   BIT SIZE         =   ----    ----
END OF MODULE INFORMATION.


C51 COMPILATION COMPLETE.  0 WARNING(S),  0 ERROR(S)
