C51 COMPILER V9.59.0.0   MAIN                                                              12/14/2021 16:50:09 PAGE 1   


C51 COMPILER V9.59.0.0, COMPILATION OF MODULE MAIN
OBJECT MODULE PLACED IN .\Objects\main.obj
COMPILER INVOKED BY: C:\Keil_v5\C51\BIN\C51.EXE main.c OPTIMIZE(8,SPEED) BROWSE DEBUG OBJECTEXTEND PRINT(.\Listings\main
                    -.lst) TABS(2) OBJECT(.\Objects\main.obj)

line level    source

   1          
   2          
   3          #include  <reg52.h>
   4          #include  <delay.h>
   5          #include  <1602.h>
   6          #include  <DHT11.h>
*** WARNING C317 IN LINE 5 OF DHT11.h: attempt to redefine macro 'uint'
   7          #include  <shot.h>
*** WARNING C317 IN LINE 5 OF shot.h: attempt to redefine macro 'uint'
   8          #include  <uart.h>
   9          #include <24c02.h>
  10          //#include <string.h>
  11          #include <intrins.h>
  12          
  13          #define MAX_R 50
  14          
  15          
  16          
  17          
  18          void SendByte(char dat);
  19          void SendStr(char *s);
  20          
  21          
  22          //led灯为p1.0
  23          //蜂鸣器为P1.1
  24          //电机为P1.2
  25          //DHT11为P3.6
  26          //模式按键为p3.2
  27          //历史记录按键 p3.3；
  28          //存储串口为SCL p2.0和SDA p2.1
  29          
  30          
  31          sbit led=P1^0;
  32          sbit dianji=P1^2;
  33          sbit key=P3^2;    //控制模式按键
  34          sbit key1=P3^3;   //查看上一条记录    外部中断1
  35          sbit key3=P1^4;   
  36          //sbit test_led=P1^7;     //测试灯
  37          
  38          
  39          
  40          
  41          extern char rec_dat[9];     //全局变量，接收温湿度的字符串
  42          char eep_dat[6];    //读取存储器的缓冲区
  43          
  44          char eep_write[6];      //存储字符串
  45          
  46          unsigned int mode;    //模式
  47          unsigned int eep_w=0;   //存储位置
  48          unsigned int eep_r=0;   //读取位置
  49          unsigned int time=0;  //时间
  50          unsigned int x=0;     //记录单双次
  51          static int xnum=0;            //记录温湿度次数
  52            int i=0;
C51 COMPILER V9.59.0.0   MAIN                                                              12/14/2021 16:50:09 PAGE 2   

  53            static int num=0;       //记录当前查看的历史记录位置。
  54            unsigned char eep_his[6];   //历史记录查看
  55          
  56          void main()   
  57          {   
  58   1        
  59   1        int RH;
  60   1        int compRH;
  61   1        
  62   1      //  int j=0;
  63   1        LCD_Init();
  64   1        led=1;
  65   1        
  66   1        dianji=1;
  67   1        DHT11_delay_ms(100);    //DHT11
  68   1        
  69   1        //外部中断初始化
  70   1        EX0=1;IT0=1; 
  71   1        EX1=1;IT1=1;
  72   1        EA=1;
  73   1        TR1=1;
  74   1        
  75   1        //串口初始化
  76   1        PCON=0;
  77   1        SCON=0x50;//MOD 2 9600,can receive;
  78   1        ES=1;   //chuan kou Init
  79   1        TMOD=0x20;
  80   1        TL1=0xFD;
  81   1        TH1=0xFD; //串口初始化
  82   1        
  83   1        
  84   1        
  85   1        while(1)   
  86   1        {   
  87   2            switch(mode){
  88   3              case 0 :
  89   3                
  90   3                
  91   3                RH=(rec_dat[2]-'0')*10+(rec_dat[3]-'0');
  92   3                compRH=(eep_dat[0]-'0')*10+(eep_dat[1]-'0');
  93   3                mode=0;
  94   3                if(xnum==99){
  95   4                    xnum=0;
  96   4                    eep_w=0;
  97   4                }
  98   3                eep_write[0]=rec_dat[2];    //获取温湿度
  99   3                eep_write[1]=rec_dat[3];
 100   3                eep_write[2]=rec_dat[7];
 101   3                eep_write[3]=rec_dat[8];  
 102   3                eep_write[4]=(xnum/10)+'0';   //记录次数的十位数
 103   3                eep_write[5]=(xnum%10)+'0';   //个位数
 104   3                
 105   3                
 106   3                LCD_Write_Char(10,1,eep_his[0]);
 107   3                LCD_Write_Char(11,1,eep_his[1]);
 108   3                LCD_Write_Char(12,1,eep_his[2]);
 109   3                LCD_Write_Char(13,1,eep_his[3]);
 110   3                //显示最后一条温湿度记录
 111   3              /*  LCD_Write_Char(10,1,eep_dat[0]);
 112   3                LCD_Write_Char(11,1,eep_dat[1]);  
 113   3                LCD_Write_Char(10,0,rec_dat[2]);
 114   3                LCD_Write_Char(11,0,rec_dat[3]);*/
C51 COMPILER V9.59.0.0   MAIN                                                              12/14/2021 16:50:09 PAGE 3   

 115   3                
 116   3          
 117   3      
 118   3                
 119   3                IRcvStr(0xae,eep_r*6,eep_dat,6);    //读取数据并显示
 120   3                for(i=0;i<4;i++){
 121   4                  LCD_Write_Char(i,1,eep_dat[i]);
 122   4                }
 123   3                
 124   3                      
 125   3                if(compRH!=RH)
 126   3                  {
 127   4                    ISendStr(0xae,eep_w*6,eep_write,6);  
 128   4                    DelayMs(125);         //延时125毫秒，等待写入操作完成
 129   4                    xnum++;       //次数+1
 130   4                    eep_w++;          //位置+1
 131   4                    eep_r=eep_w-1;//写入的位置已经+1，应-1后在赋值给读取的位置
 132   4                    
 133   4                }
 134   3                  
 135   3                LCD_Write_Char(7,1,(xnum%100)/10+'0');      //十位数
 136   3                LCD_Write_Char(8,1,(xnum%10)+'0');      //个位数
 137   3                
 138   3              
 139   3              
 140   3                
 141   3              
 142   3            
 143   3              
 144   3                SendStr(rec_dat);
 145   3                
 146   3                DHT11_receive();  
 147   3                
 148   3              //显示当前温湿度
 149   3                for(i=0;i<9;i++){
 150   4                  LCD_Write_Char(i,0,rec_dat[i]); 
 151   4                }
 152   3                
 153   3                //判断是否超出阈值
 154   3                if(RH>MAX_R){
 155   4                  shout();
 156   4                  led=~led;
 157   4                }
 158   3                else{
 159   4                  dianji=1;
 160   4                  led=1;
 161   4                }
 162   3              
 163   3                break;
 164   3                
 165   3                
 166   3                
 167   3              case 1:
 168   3                dianji=0;
 169   3                mode=1;
 170   3                RH=(rec_dat[2]-'0')*10+(rec_dat[3]-'0');
 171   3                DHT11_receive();
 172   3                //LCD_Write_String(0,0,rec_dat);
 173   3                for(i=0;i<9;i++){
 174   4                  LCD_Write_Char(i,0,rec_dat[i]); 
 175   4                }
 176   3                LCD_Write_Char(0,1,mode+'0');
C51 COMPILER V9.59.0.0   MAIN                                                              12/14/2021 16:50:09 PAGE 4   

 177   3                if(RH>MAX_R){
 178   4                  shout();
 179   4                  led=~led;
 180   4                }
 181   3                else{
 182   4                  led=1;
 183   4                }
 184   3                break;
 185   3            }
 186   2          
 187   2        }   
 188   1        
 189   1      }   
 190          
 191          void it0 (void) interrupt 0     //外部中断0
 192          {
 193   1          DelayMs(10);
 194   1          mode=(mode+1)%2;
 195   1      }
 196          
 197          
 198          
 199          
 200          void it1 (void) interrupt 2     //外部中断1
 201          {
 202   1        if(num==xnum){
 203   2            num==0;
*** WARNING C275 IN LINE 203 OF main.c: expression with possibly no effect
 204   2        }
 205   1          num++;
 206   1          eep_r=eep_r-num-1;
 207   1          IRcvStr(0xae,eep_r*6,eep_his,6);
 208   1          eep_r=eep_r+num+1;
 209   1          
 210   1      }
 211          
 212          
 213          void ck (void ) interrupt 4       //串口中断
 214          {
 215   1        if(RI)
 216   1        {
 217   2          mode=SBUF;
 218   2          RI=0;
 219   2        }
 220   1      }


MODULE INFORMATION:   STATIC OVERLAYABLE
   CODE SIZE        =    848    ----
   CONSTANT SIZE    =   ----    ----
   XDATA SIZE       =   ----    ----
   PDATA SIZE       =   ----    ----
   DATA SIZE        =     34       4
   IDATA SIZE       =   ----    ----
   BIT SIZE         =   ----    ----
END OF MODULE INFORMATION.


C51 COMPILATION COMPLETE.  3 WARNING(S),  0 ERROR(S)
