C51 COMPILER V9.59.0.0   UART                                                              12/14/2021 16:50:09 PAGE 1   


C51 COMPILER V9.59.0.0, COMPILATION OF MODULE UART
OBJECT MODULE PLACED IN .\Objects\uart.obj
COMPILER INVOKED BY: C:\Keil_v5\C51\BIN\C51.EXE uart.c OPTIMIZE(8,SPEED) BROWSE DEBUG OBJECTEXTEND PRINT(.\Listings\uart
                    -.lst) TABS(2) OBJECT(.\Objects\uart.obj)

line level    source

   1          #include <reg52.h>
   2          #include "uart.h"
   3          #include <intrins.h>
   4          
   5          /*------------------------------------------------
   6                              发送一个字节
   7          ------------------------------------------------*/
   8          void SendByte(char dat)
   9          {
  10   1       SBUF = dat;
  11   1       while(!TI);
  12   1            TI = 0;
  13   1      }
  14          /*------------------------------------------------
  15                              发送一个字符串
  16          ------------------------------------------------*/
  17          void SendStr(char *s)
  18          {
  19   1       while(*s!='\0')// \0 表示字符串结束标志，
  20   1                      //通过检测是否字符串末尾
  21   1        {
  22   2        SendByte(*s);
  23   2        s++;
  24   2        }
  25   1      }


MODULE INFORMATION:   STATIC OVERLAYABLE
   CODE SIZE        =     27    ----
   CONSTANT SIZE    =   ----    ----
   XDATA SIZE       =   ----    ----
   PDATA SIZE       =   ----    ----
   DATA SIZE        =   ----    ----
   IDATA SIZE       =   ----    ----
   BIT SIZE         =   ----    ----
END OF MODULE INFORMATION.


C51 COMPILATION COMPLETE.  0 WARNING(S),  0 ERROR(S)
